0 info it worked if it ends with ok
1 verbose cli [ '/usr/local/bin/node', '/usr/local/bin/npm', 'run', 'docs' ]
2 info using npm@3.7.3
3 info using node@v6.2.2
4 verbose run-script [ 'predocs', 'docs', 'postdocs' ]
5 info lifecycle vue-cli-template-webpack@1.0.0~predocs: vue-cli-template-webpack@1.0.0
6 silly lifecycle vue-cli-template-webpack@1.0.0~predocs: no script for predocs, continuing
7 info lifecycle vue-cli-template-webpack@1.0.0~docs: vue-cli-template-webpack@1.0.0
8 verbose lifecycle vue-cli-template-webpack@1.0.0~docs: unsafe-perm in lifecycle true
9 verbose lifecycle vue-cli-template-webpack@1.0.0~docs: PATH: /usr/local/lib/node_modules/npm/bin/node-gyp-bin:/Users/maxhill/Dropbox/projects/vue-starter/node_modules/.bin:/usr/local/bin:/usr/local/git/bin:/usr/local/sbin:/usr/local/bin:/usr/sbin:/usr/bin:/sbin:/bin:/usr/games:/usr/local/games:/Users/maxhill/.composer/vendor/bin:~/.composer/vendor/bin
10 verbose lifecycle vue-cli-template-webpack@1.0.0~docs: CWD: /Users/maxhill/Dropbox/projects/vue-starter
11 silly lifecycle vue-cli-template-webpack@1.0.0~docs: Args: [ '-c', 'cd docs && gitbook serve' ]
12 info lifecycle vue-cli-template-webpack@1.0.0~docs: Failed to exec docs script
13 verbose stack Error: vue-cli-template-webpack@1.0.0 docs: `cd docs && gitbook serve`
13 verbose stack spawn ENOENT
13 verbose stack     at ChildProcess.<anonymous> (/usr/local/lib/node_modules/npm/lib/utils/spawn.js:17:16)
13 verbose stack     at emitTwo (events.js:106:13)
13 verbose stack     at ChildProcess.emit (events.js:191:7)
13 verbose stack     at maybeClose (internal/child_process.js:852:16)
13 verbose stack     at Process.ChildProcess._handle.onexit (internal/child_process.js:215:5)
14 verbose pkgid vue-cli-template-webpack@1.0.0
15 verbose cwd /Users/maxhill/Dropbox/projects/vue-starter
16 error Darwin 15.6.0
17 error argv "/usr/local/bin/node" "/usr/local/bin/npm" "run" "docs"
18 error node v6.2.2
19 error npm  v3.7.3
20 error file sh
21 error code ELIFECYCLE
22 error errno ENOENT
23 error syscall spawn
24 error vue-cli-template-webpack@1.0.0 docs: `cd docs && gitbook serve`
24 error spawn ENOENT
25 error Failed at the vue-cli-template-webpack@1.0.0 docs script 'cd docs && gitbook serve'.
25 error Make sure you have the latest version of node.js and npm installed.
25 error If you do, this is most likely a problem with the vue-cli-template-webpack package,
25 error not with npm itself.
25 error Tell the author that this fails on your system:
25 error     cd docs && gitbook serve
25 error You can get information on how to open an issue for this project with:
25 error     npm bugs vue-cli-template-webpack
25 error Or if that isn't available, you can get their info via:
25 error     npm owner ls vue-cli-template-webpack
25 error There is likely additional logging output above.
26 verbose exit [ 1, true ]
